107.11.15 13:12 B C:\Programmi\EasyPHP1-8\www\portale_jazz\config\config.php --> ftp.newjazz.org /test/config config.php
107.11.15 13:12 B C:\Programmi\EasyPHP1-8\www\portale_jazz\config\db.php --> ftp.newjazz.org /test/config db.php
107.11.15 18:12 B C:\Programmi\EasyPHP1-8\www\portale_jazz\config\config.php --> ftp.newjazz.org /test/config config.php
107.11.16 16:49 B C:\Programmi\EasyPHP1-8\www\portale_jazz\config\config.php --> ftp.newjazz.org /test/config config.php
107.11.16 17:18 B C:\Programmi\EasyPHP1-8\www\portale_jazz\config\config.php --> ftp.newjazz.org /test/config config.php
107.12.03 14:21 B C:\Programmi\EasyPHP1-8\www\portale_jazz\config\config.php --> ftp.newjazz.org /test/config config.php
107.12.04 18:11 B C:\Programmi\EasyPHP1-8\www\portale_jazz\config\config.php --> ftp.newjazz.org /test/config config.php
107.12.11 18:32 B C:\Programmi\EasyPHP1-8\www\portale_jazz\config\config.php --> ftp.newjazz.org /test/config config.php
107.12.11 18:32 B C:\Programmi\EasyPHP1-8\www\portale_jazz\config\db.php --> ftp.newjazz.org /test/config db.php
107.12.11 18:32 B C:\Programmi\EasyPHP1-8\www\portale_jazz\config\WS_FTP.LOG --> ftp.newjazz.org /test/config WS_FTP.LOG
107.12.13 17:26 B C:\Programmi\EasyPHP1-8\www\portale_jazz\config\config.php --> ftp.newjazz.org /test/config config.php
107.12.13 18:51 B C:\Programmi\EasyPHP1-8\www\portale_jazz\config\config.php --> ftp.newjazz.org /test/config config.php
107.12.14 17:31 B C:\Programmi\EasyPHP1-8\www\portale_jazz\config\config.php <-- newjazz /config config.php
107.12.14 17:36 B C:\Programmi\EasyPHP1-8\www\portale_jazz\config\config.php --> ftp.newjazz.org /config config.php
108.01.28 13:22 B C:\Programmi\EasyPHP1-8\www\portale_jazz\config\config.php --> ftp.newjazz.org /config config.php
108.02.18 10:16 B C:\Programmi\EasyPHP1-8\www\mondomanfredi\config\config.php --> ftp.mondomanfredi.com /web/_TEST/config config.php
108.02.18 10:16 B C:\Programmi\EasyPHP1-8\www\mondomanfredi\config\db.php --> ftp.mondomanfredi.com /web/_TEST/config db.php
108.02.18 10:16 B C:\Programmi\EasyPHP1-8\www\mondomanfredi\config\WS_FTP.LOG --> ftp.mondomanfredi.com /web/_TEST/config WS_FTP.LOG
108.02.18 10:18 B C:\Programmi\EasyPHP1-8\www\mondomanfredi\config\db.php --> ftp.mondomanfredi.com /web/TEST/config db.php
108.02.18 10:19 B C:\Programmi\EasyPHP1-8\www\mondomanfredi\config\db.php --> ftp.mondomanfredi.com /web/TEST/config db.php
108.02.18 10:19 B C:\Programmi\EasyPHP1-8\www\mondomanfredi\config\db.php <-- Mondo Manfredi /web/TEST/config db.php
108.02.18 10:22 B C:\Programmi\EasyPHP1-8\www\mondomanfredi\config\config.php --> ftp.mondomanfredi.com /web/TEST/config config.php
108.02.18 10:22 B C:\Programmi\EasyPHP1-8\www\mondomanfredi\config\config.php <-- Mondo Manfredi /web/TEST/config config.php
108.02.18 16:19 B C:\Programmi\EasyPHP1-8\www\mondomanfredi\config\config.php --> ftp.mondomanfredi.com /web/TEST/config config.php
108.02.18 16:19 B C:\Programmi\EasyPHP1-8\www\mondomanfredi\config\config.php <-- Mondo Manfredi /web/TEST/config config.php
108.02.18 16:20 B C:\Programmi\EasyPHP1-8\www\mondomanfredi\config\config.php --> ftp.mondomanfredi.com /web/TEST/config config.php
108.02.18 16:20 B C:\Programmi\EasyPHP1-8\www\mondomanfredi\config\config.php <-- Mondo Manfredi /web/TEST/config config.php
108.02.18 16:20 B C:\Programmi\EasyPHP1-8\www\mondomanfredi\config\config.php --> ftp.mondomanfredi.com /web/TEST/config config.php
108.02.18 16:20 B C:\Programmi\EasyPHP1-8\www\mondomanfredi\config\config.php --> ftp.mondomanfredi.com /web/TEST/config config.php
108.02.18 16:21 B C:\Programmi\EasyPHP1-8\www\mondomanfredi\config\config.php <-- Mondo Manfredi /web/TEST/config config.php
108.02.21 11:31 B C:\Programmi\EasyPHP1-8\www\mondomanfredi\config\config.php --> ftp.mondomanfredi.com /web/TEST/config config.php
108.02.21 11:33 B C:\Programmi\EasyPHP1-8\www\mondomanfredi\config\config.php --> ftp.mondomanfredi.com /web/TEST/config config.php
108.02.21 11:33 B C:\Programmi\EasyPHP1-8\www\mondomanfredi\config\config.php <-- Mondo Manfredi /web/TEST/config config.php
108.03.04 12:25 B C:\Programmi\EasyPHP1-8\www\mondomanfredi\config\config.php <-- Mondo Manfredi /web/TEST/config config.php
108.03.12 17:36 B C:\Programmi\EasyPHP1-8\www\mondomanfredi\config\config.php --> ftp.mondomanfredi.com /web/TEST/config config.php
108.03.12 17:38 B C:\Programmi\EasyPHP1-8\www\mondomanfredi\config\config.php --> ftp.mondomanfredi.com /web/TEST/config config.php
108.03.18 11:30 B C:\Programmi\EasyPHP1-8\www\mondomanfredi\config\config.php --> ftp.mondomanfredi.com /web/TEST/config config.php
108.03.18 11:30 B C:\Programmi\EasyPHP1-8\www\mondomanfredi\config\config.php <-- Mondo Manfredi /web/TEST/config config.php
108.03.18 11:56 B C:\Programmi\EasyPHP1-8\www\mondomanfredi\config\config.php --> ftp.mondomanfredi.com /web/TEST/config config.php
108.03.18 11:56 B C:\Programmi\EasyPHP1-8\www\mondomanfredi\config\config.php --> ftp.mondomanfredi.com /web/TEST/config config.php
108.03.21 11:30 B C:\Programmi\EasyPHP1-8\www\mondomanfredi\config\config.php <-- Mondo Manfredi /web/TEST/config config.php
108.04.17 12:02 B C:\Programmi\EasyPHP1-8\www\comprensorio_alpino\config\db.php --> ftplnx.wwprogetti.com /CATO2/config db.php
108.04.17 12:02 B C:\Programmi\EasyPHP1-8\www\comprensorio_alpino\config\config.php --> ftplnx.wwprogetti.com /CATO2/config config.php
108.04.17 12:02 B C:\Programmi\EasyPHP1-8\www\comprensorio_alpino\config\WS_FTP.LOG --> ftplnx.wwprogetti.com /CATO2/config WS_FTP.LOG
108.04.23 16:38 B C:\Programmi\EasyPHP1-8\www\comprensorio_alpino\config\config.php --> ftplnx.wwprogetti.com /CATO2/config config.php
